0 info it worked if it ends with ok
1 verbose cli [ '/usr/bin/node', '/usr/bin/npm', 'show', 'requi' ]
2 info using npm@1.3.8
3 info using node@v0.10.17
4 verbose node symlink /usr/bin/node
5 verbose url raw requi
6 verbose url resolving [ 'https://registry.npmjs.org/', './requi' ]
7 verbose url resolved https://registry.npmjs.org/requi
8 info trying registry request attempt 1 at 21:51:32
9 http GET https://registry.npmjs.org/requi
10 http 404 https://registry.npmjs.org/requi
11 silly registry.get cb [ 404,
11 silly registry.get   { server: 'CouchDB/1.3.1 (Erlang OTP/R15B03)',
11 silly registry.get     date: 'Fri, 30 Aug 2013 00:51:34 GMT',
11 silly registry.get     'content-type': 'application/json',
11 silly registry.get     'content-length': '52',
11 silly registry.get     'cache-control': 'must-revalidate' } ]
12 error 404 'requi' is not in the npm registry.
12 error 404 You should bug the author to publish it
12 error 404
12 error 404 Note that you can also install from a
12 error 404 tarball, folder, or http url, or git url.
13 error System Linux 3.8.0-29-generic
14 error command "/usr/bin/node" "/usr/bin/npm" "show" "requi"
15 error cwd /home/server/node-requi
16 error node -v v0.10.17
17 error npm -v 1.3.8
18 error code E404
19 verbose exit [ 1, true ]
